08:49:15 PM:DEBUG [Persona.py:55] 
            Id persona: 1,
            Nombre: Juan,
            Apellido: Perez,
            Email: jperez@gmail.com
        
08:49:15 PM:DEBUG [Persona.py:57] 
            Id persona: None,
            Nombre: Rufi,
            Apellido: Carballo,
            Email: ruficarballo@gmail.com
        
08:49:15 PM:DEBUG [Persona.py:59] 
            Id persona: 1,
            Nombre: None,
            Apellido: None,
            Email: None
        
08:50:53 PM:DEBUG [Persona.py:55] 
            Id persona: 1,
            Nombre: Juan,
            Apellido: Perez,
            Email: jperez@gmail.com
        
08:50:53 PM:DEBUG [Persona.py:57] 
            Id persona: None,
            Nombre: Jose,
            Apellido: Lepez,
            Email: ljose@gmail.com
        
08:50:53 PM:DEBUG [Persona.py:59] 
            Id persona: 1,
            Nombre: None,
            Apellido: None,
            Email: None
        
09:09:59 PM:DEBUG [Conexion.py:24] Conexión Exitosa: <connection object at 0x0000026CBF34CE10; dsn: 'user=postgres password=xxx dbname=test_bd host=127.0.0.1 port=5432', closed: 0>
09:09:59 PM:DEBUG [Conexion.py:37] Se abrió correctamente el cursor: <cursor object at 0x0000026CBEFEF140; closed: 0>
09:12:04 PM:DEBUG [Conexion.py:24] Conexión Exitosa: <connection object at 0x000001978AEBCE10; dsn: 'user=postgres password=xxx dbname=test_bd host=127.0.0.1 port=5432', closed: 0>
09:12:04 PM:DEBUG [Conexion.py:37] Se abrió correctamente el cursor: <cursor object at 0x000001978AB5F140; closed: 0>
